TN:
SF:/Users/john/more-yellowdev/fsj/ym-apps/upicsProject/upics/src/client/app/app.module.js
FN:1,(anonymous_1)
FN:21,(anonymous_2)
FNF:2
FNH:1
FNDA:1,(anonymous_1)
FNDA:0,(anonymous_2)
DA:1,1
DA:8,1
DA:22,0
DA:32,0
LF:4
LH:2
BRF:0
BRH:0
end_of_record
TN:
SF:/Users/john/more-yellowdev/fsj/ym-apps/upicsProject/upics/src/client/app/components/angular-material/material.module.js
FN:1,(anonymous_1)
FNF:1
FNH:1
FNDA:1,(anonymous_1)
DA:1,1
DA:4,1
LF:2
LH:2
BRF:0
BRH:0
end_of_record
TN:
SF:/Users/john/more-yellowdev/fsj/ym-apps/upicsProject/upics/src/client/app/components/angular-material/mdsidebar/mdsidebar.module.js
FN:4,(anonymous_1)
FNF:1
FNH:1
FNDA:1,(anonymous_1)
DA:4,1
DA:8,1
LF:2
LH:2
BRF:0
BRH:0
end_of_record
TN:
SF:/Users/john/more-yellowdev/fsj/ym-apps/upicsProject/upics/src/client/app/core/core.module.js
FN:1,(anonymous_1)
FNF:1
FNH:1
FNDA:1,(anonymous_1)
DA:1,1
DA:5,1
LF:2
LH:2
BRF:0
BRH:0
end_of_record
TN:
SF:/Users/john/more-yellowdev/fsj/ym-apps/upicsProject/upics/src/client/app/site-content/site-content.module.js
FN:1,(anonymous_1)
FNF:1
FNH:1
FNDA:1,(anonymous_1)
DA:1,1
DA:4,1
LF:2
LH:2
BRF:0
BRH:0
end_of_record
TN:
SF:/Users/john/more-yellowdev/fsj/ym-apps/upicsProject/upics/src/client/app/components/angular-material/mdsidebar/mdsidebar.controller.js
FN:1,(anonymous_1)
FN:6,(anonymous_2)
FN:9,(anonymous_3)
FN:16,debounce
FN:18,debounced
FN:22,(anonymous_6)
FN:32,buildDelayedToggler
FN:33,(anonymous_8)
FN:36,(anonymous_9)
FN:41,buildToggler
FN:42,(anonymous_11)
FN:45,(anonymous_12)
FN:51,(anonymous_13)
FN:52,(anonymous_14)
FN:54,(anonymous_15)
FN:59,(anonymous_16)
FN:60,(anonymous_17)
FN:62,(anonymous_18)
FNF:18
FNH:1
FNDA:1,(anonymous_1)
FNDA:0,(anonymous_2)
FNDA:0,(anonymous_3)
FNDA:0,debounce
FNDA:0,debounced
FNDA:0,(anonymous_6)
FNDA:0,buildDelayedToggler
FNDA:0,(anonymous_8)
FNDA:0,(anonymous_9)
FNDA:0,buildToggler
FNDA:0,(anonymous_11)
FNDA:0,(anonymous_12)
FNDA:0,(anonymous_13)
FNDA:0,(anonymous_14)
FNDA:0,(anonymous_15)
FNDA:0,(anonymous_16)
FNDA:0,(anonymous_17)
FNDA:0,(anonymous_18)
DA:1,1
DA:4,1
DA:7,0
DA:8,0
DA:9,0
DA:10,0
DA:16,1
DA:17,0
DA:18,0
DA:19,0
DA:21,0
DA:22,0
DA:23,0
DA:24,0
DA:32,1
DA:33,0
DA:34,0
DA:37,0
DA:41,1
DA:42,0
DA:43,0
DA:46,0
DA:52,0
DA:53,0
DA:55,0
DA:60,0
DA:61,0
DA:63,0
LF:28
LH:5
BRDA:25,1,0,0
BRDA:25,1,1,0
BRF:2
BRH:0
end_of_record
TN:
SF:/Users/john/more-yellowdev/fsj/ym-apps/upicsProject/upics/src/client/app/components/booking/booking-directive.js
FN:4,bookingDirective
FN:7,(anonymous_2)
FN:25,bookingService
FN:27,(anonymous_4)
FN:32,(anonymous_5)
FN:32,e
FN:32,(anonymous_7)
FN:32,(anonymous_8)
FN:32,(anonymous_9)
FN:32,(anonymous_10)
FN:32,(anonymous_11)
FN:32,(anonymous_12)
FN:32,(anonymous_13)
FN:32,(anonymous_14)
FN:32,(anonymous_15)
FN:32,(anonymous_16)
FN:32,(anonymous_17)
FN:32,(anonymous_18)
FN:32,(anonymous_19)
FN:32,(anonymous_20)
FN:32,(anonymous_21)
FN:32,(anonymous_22)
FN:32,(anonymous_23)
FN:32,(anonymous_24)
FN:32,(anonymous_25)
FN:32,(anonymous_26)
FN:32,(anonymous_27)
FN:32,(anonymous_28)
FN:32,o
FN:32,n
FN:32,r
FN:32,i
FN:32,a
FN:32,(anonymous_34)
FN:32,(anonymous_35)
FN:32,(anonymous_36)
FN:32,(anonymous_37)
FN:32,o
FN:32,n
FN:32,r
FN:59,(anonymous_41)
FN:59,o
FN:59,(anonymous_43)
FN:59,(anonymous_44)
FN:59,(anonymous_45)
FN:59,n
FN:59,r
FN:86,(anonymous_48)
FN:86,(anonymous_49)
FN:86,e
FN:86,o
FN:86,o
FN:86,r
FN:86,e
FN:86,o
FN:86,(anonymous_56)
FN:86,(anonymous_57)
FN:86,(anonymous_58)
FN:86,(anonymous_59)
FN:86,n
FN:86,r
FN:86,i
FN:113,(anonymous_63)
FN:116,(anonymous_64)
FN:116,(anonymous_65)
FN:116,(anonymous_66)
FN:116,(anonymous_67)
FN:116,(anonymous_68)
FN:116,n
FN:116,n
FN:116,i
FN:116,h
FN:116,l
FN:116,f
FN:116,r
FN:116,(anonymous_76)
FN:116,(anonymous_77)
FN:116,(anonymous_78)
FN:116,(anonymous_79)
FN:116,a
FN:116,s
FN:116,h
FN:116,c
FN:116,l
FN:116,(anonymous_85)
FN:116,f
FN:116,u
FN:116,p
FN:116,d
FN:116,b
FN:116,v
FN:116,(anonymous_92)
FN:116,m
FN:116,(anonymous_94)
FN:116,(anonymous_95)
FN:116,(anonymous_96)
FN:116,(anonymous_97)
FN:116,o
FN:116,(anonymous_99)
FN:116,(anonymous_100)
FN:116,(anonymous_101)
FN:116,(anonymous_102)
FN:116,(anonymous_103)
FN:116,(anonymous_104)
FN:116,(anonymous_105)
FN:116,(anonymous_106)
FN:116,n
FN:116,r
FN:116,i
FN:116,a
FN:116,s
FN:116,h
FN:116,c
FN:116,l
FN:116,f
FN:116,(anonymous_116)
FN:116,(anonymous_117)
FN:116,(anonymous_118)
FN:116,(anonymous_119)
FN:116,(anonymous_120)
FN:116,(anonymous_121)
FN:116,(anonymous_122)
FN:116,(anonymous_123)
FN:116,(anonymous_124)
FNF:124
FNH:0
FNDA:0,bookingDirective
FNDA:0,(anonymous_2)
FNDA:0,bookingService
FNDA:0,(anonymous_4)
FNDA:0,(anonymous_5)
FNDA:0,e
FNDA:0,(anonymous_7)
FNDA:0,(anonymous_8)
FNDA:0,(anonymous_9)
FNDA:0,(anonymous_10)
FNDA:0,(anonymous_11)
FNDA:0,(anonymous_12)
FNDA:0,(anonymous_13)
FNDA:0,(anonymous_14)
FNDA:0,(anonymous_15)
FNDA:0,(anonymous_16)
FNDA:0,(anonymous_17)
FNDA:0,(anonymous_18)
FNDA:0,(anonymous_19)
FNDA:0,(anonymous_20)
FNDA:0,(anonymous_21)
FNDA:0,(anonymous_22)
FNDA:0,(anonymous_23)
FNDA:0,(anonymous_24)
FNDA:0,(anonymous_25)
FNDA:0,(anonymous_26)
FNDA:0,(anonymous_27)
FNDA:0,(anonymous_28)
FNDA:0,o
FNDA:0,n
FNDA:0,r
FNDA:0,i
FNDA:0,a
FNDA:0,(anonymous_34)
FNDA:0,(anonymous_35)
FNDA:0,(anonymous_36)
FNDA:0,(anonymous_37)
FNDA:0,o
FNDA:0,n
FNDA:0,r
FNDA:0,(anonymous_41)
FNDA:0,o
FNDA:0,(anonymous_43)
FNDA:0,(anonymous_44)
FNDA:0,(anonymous_45)
FNDA:0,n
FNDA:0,r
FNDA:0,(anonymous_48)
FNDA:0,(anonymous_49)
FNDA:0,e
FNDA:0,o
FNDA:0,o
FNDA:0,r
FNDA:0,e
FNDA:0,o
FNDA:0,(anonymous_56)
FNDA:0,(anonymous_57)
FNDA:0,(anonymous_58)
FNDA:0,(anonymous_59)
FNDA:0,n
FNDA:0,r
FNDA:0,i
FNDA:0,(anonymous_63)
FNDA:0,(anonymous_64)
FNDA:0,(anonymous_65)
FNDA:0,(anonymous_66)
FNDA:0,(anonymous_67)
FNDA:0,(anonymous_68)
FNDA:0,n
FNDA:0,n
FNDA:0,i
FNDA:0,h
FNDA:0,l
FNDA:0,f
FNDA:0,r
FNDA:0,(anonymous_76)
FNDA:0,(anonymous_77)
FNDA:0,(anonymous_78)
FNDA:0,(anonymous_79)
FNDA:0,a
FNDA:0,s
FNDA:0,h
FNDA:0,c
FNDA:0,l
FNDA:0,(anonymous_85)
FNDA:0,f
FNDA:0,u
FNDA:0,p
FNDA:0,d
FNDA:0,b
FNDA:0,v
FNDA:0,(anonymous_92)
FNDA:0,m
FNDA:0,(anonymous_94)
FNDA:0,(anonymous_95)
FNDA:0,(anonymous_96)
FNDA:0,(anonymous_97)
FNDA:0,o
FNDA:0,(anonymous_99)
FNDA:0,(anonymous_100)
FNDA:0,(anonymous_101)
FNDA:0,(anonymous_102)
FNDA:0,(anonymous_103)
FNDA:0,(anonymous_104)
FNDA:0,(anonymous_105)
FNDA:0,(anonymous_106)
FNDA:0,n
FNDA:0,r
FNDA:0,i
FNDA:0,a
FNDA:0,s
FNDA:0,h
FNDA:0,c
FNDA:0,l
FNDA:0,f
FNDA:0,(anonymous_116)
FNDA:0,(anonymous_117)
FNDA:0,(anonymous_118)
FNDA:0,(anonymous_119)
FNDA:0,(anonymous_120)
FNDA:0,(anonymous_121)
FNDA:0,(anonymous_122)
FNDA:0,(anonymous_123)
FNDA:0,(anonymous_124)
DA:1,1
DA:2,1
DA:4,1
DA:5,0
DA:8,0
DA:9,0
DA:10,0
DA:12,0
DA:13,0
DA:14,0
DA:15,0
DA:23,1
DA:25,1
DA:26,0
DA:28,0
DA:29,0
DA:30,0
DA:31,0
DA:32,1
DA:59,1
DA:86,1
DA:113,0
DA:116,1
LF:23
LH:9
BRDA:32,1,0,0
BRDA:32,1,1,0
BRDA:32,2,0,0
BRDA:32,2,1,0
BRDA:32,3,0,0
BRDA:32,3,1,0
BRDA:32,4,0,0
BRDA:32,4,1,0
BRDA:32,5,0,0
BRDA:32,5,1,0
BRDA:32,6,0,0
BRDA:32,6,1,0
BRDA:32,6,2,0
BRDA:32,7,0,0
BRDA:32,7,1,0
BRDA:32,8,0,0
BRDA:32,8,1,0
BRDA:32,9,0,0
BRDA:32,9,1,0
BRDA:32,9,2,0
BRDA:32,10,0,0
BRDA:32,10,1,0
BRDA:32,11,0,0
BRDA:32,11,1,0
BRDA:32,12,0,0
BRDA:32,12,1,0
BRDA:32,13,0,0
BRDA:32,13,1,0
BRDA:32,14,0,0
BRDA:32,14,1,0
BRDA:32,14,2,0
BRDA:32,14,3,0
BRDA:32,15,0,0
BRDA:32,15,1,0
BRDA:32,16,0,0
BRDA:32,16,1,0
BRDA:32,17,0,0
BRDA:32,17,1,0
BRDA:32,18,0,0
BRDA:32,18,1,0
BRDA:32,19,0,0
BRDA:32,19,1,0
BRDA:32,20,0,0
BRDA:32,20,1,0
BRDA:32,21,0,0
BRDA:32,21,1,0
BRDA:32,22,0,0
BRDA:32,22,1,0
BRDA:32,23,0,0
BRDA:32,23,1,0
BRDA:32,24,0,0
BRDA:32,24,1,0
BRDA:32,25,0,0
BRDA:32,25,1,0
BRDA:32,26,0,0
BRDA:32,26,1,0
BRDA:32,27,0,0
BRDA:32,27,1,0
BRDA:32,27,2,0
BRDA:32,28,0,0
BRDA:32,28,1,0
BRDA:32,29,0,0
BRDA:32,29,1,0
BRDA:32,29,2,0
BRDA:32,29,3,0
BRDA:32,30,0,0
BRDA:32,30,1,0
BRDA:32,31,0,0
BRDA:32,31,1,0
BRDA:32,32,0,0
BRDA:32,32,1,0
BRDA:32,32,2,0
BRDA:32,33,0,0
BRDA:32,33,1,0
BRDA:32,34,0,0
BRDA:32,34,1,0
BRDA:32,35,0,0
BRDA:32,35,1,0
BRDA:32,36,0,0
BRDA:32,36,1,0
BRDA:32,37,0,0
BRDA:32,37,1,0
BRDA:32,38,0,0
BRDA:32,38,1,0
BRDA:32,39,0,0
BRDA:32,39,1,0
BRDA:32,40,0,0
BRDA:32,40,1,0
BRDA:32,41,0,0
BRDA:32,41,1,0
BRDA:32,42,0,0
BRDA:32,42,1,0
BRDA:32,42,2,0
BRDA:32,43,0,0
BRDA:32,43,1,0
BRDA:32,44,0,0
BRDA:32,44,1,0
BRDA:32,45,0,0
BRDA:32,45,1,0
BRDA:32,46,0,0
BRDA:32,46,1,0
BRDA:32,47,0,0
BRDA:32,47,1,0
BRDA:32,47,2,0
BRDA:32,48,0,0
BRDA:32,48,1,0
BRDA:32,49,0,0
BRDA:32,49,1,0
BRDA:32,50,0,0
BRDA:32,50,1,0
BRDA:32,51,0,0
BRDA:32,51,1,0
BRDA:32,52,0,0
BRDA:32,52,1,0
BRDA:32,53,0,0
BRDA:32,53,1,0
BRDA:32,53,2,0
BRDA:32,54,0,0
BRDA:32,54,1,0
BRDA:32,55,0,0
BRDA:32,55,1,0
BRDA:32,56,0,0
BRDA:32,56,1,0
BRDA:32,57,0,0
BRDA:32,57,1,0
BRDA:32,58,0,0
BRDA:32,58,1,0
BRDA:32,59,0,0
BRDA:32,59,1,0
BRDA:32,60,0,0
BRDA:32,60,1,0
BRDA:32,61,0,0
BRDA:32,61,1,0
BRDA:32,62,0,0
BRDA:32,62,1,0
BRDA:32,63,0,0
BRDA:32,63,1,0
BRDA:59,64,0,0
BRDA:59,64,1,0
BRDA:59,65,0,0
BRDA:59,65,1,0
BRDA:59,66,0,0
BRDA:59,66,1,0
BRDA:59,67,0,0
BRDA:59,67,1,0
BRDA:59,68,0,0
BRDA:59,68,1,0
BRDA:59,69,0,0
BRDA:59,69,1,0
BRDA:59,70,0,0
BRDA:59,70,1,0
BRDA:59,71,0,0
BRDA:59,71,1,0
BRDA:59,72,0,0
BRDA:59,72,1,0
BRDA:59,73,0,0
BRDA:59,73,1,0
BRDA:59,74,0,0
BRDA:59,74,1,0
BRDA:59,75,0,0
BRDA:59,75,1,0
BRDA:59,76,0,0
BRDA:59,76,1,0
BRDA:86,77,0,0
BRDA:86,77,1,0
BRDA:86,78,0,0
BRDA:86,78,1,0
BRDA:86,79,0,0
BRDA:86,79,1,0
BRDA:86,80,0,0
BRDA:86,80,1,0
BRDA:86,81,0,0
BRDA:86,81,1,0
BRDA:86,82,0,0
BRDA:86,82,1,0
BRDA:86,83,0,0
BRDA:86,83,1,0
BRDA:86,84,0,0
BRDA:86,84,1,0
BRDA:86,85,0,0
BRDA:86,85,1,0
BRDA:86,86,0,0
BRDA:86,86,1,0
BRDA:86,87,0,0
BRDA:86,87,1,0
BRDA:86,88,0,0
BRDA:86,88,1,0
BRDA:86,89,0,0
BRDA:86,89,1,0
BRDA:86,90,0,0
BRDA:86,90,1,0
BRDA:86,91,0,0
BRDA:86,91,1,0
BRDA:86,92,0,0
BRDA:86,92,1,0
BRDA:86,93,0,0
BRDA:86,93,1,0
BRDA:86,94,0,0
BRDA:86,94,1,0
BRDA:86,95,0,0
BRDA:86,95,1,0
BRDA:86,95,2,0
BRDA:86,96,0,0
BRDA:86,96,1,0
BRDA:86,96,2,0
BRDA:116,97,0,0
BRDA:116,97,1,0
BRDA:116,98,0,0
BRDA:116,98,1,0
BRDA:116,99,0,0
BRDA:116,99,1,0
BRDA:116,100,0,0
BRDA:116,100,1,0
BRDA:116,101,0,0
BRDA:116,101,1,0
BRDA:116,102,0,0
BRDA:116,102,1,0
BRDA:116,103,0,0
BRDA:116,103,1,0
BRDA:116,104,0,0
BRDA:116,104,1,0
BRDA:116,104,2,0
BRDA:116,105,0,0
BRDA:116,105,1,0
BRDA:116,106,0,0
BRDA:116,106,1,0
BRDA:116,107,0,0
BRDA:116,107,1,0
BRDA:116,108,0,0
BRDA:116,108,1,0
BRDA:116,108,2,0
BRDA:116,109,0,0
BRDA:116,109,1,0
BRDA:116,110,0,0
BRDA:116,110,1,0
BRDA:116,110,2,0
BRDA:116,111,0,0
BRDA:116,111,1,0
BRDA:116,112,0,0
BRDA:116,112,1,0
BRDA:116,113,0,0
BRDA:116,113,1,0
BRDA:116,114,0,0
BRDA:116,114,1,0
BRDA:116,115,0,0
BRDA:116,115,1,0
BRDA:116,116,0,0
BRDA:116,116,1,0
BRDA:116,117,0,0
BRDA:116,117,1,0
BRDA:116,117,2,0
BRDA:116,118,0,0
BRDA:116,118,1,0
BRDA:116,119,0,0
BRDA:116,119,1,0
BRDA:116,119,2,0
BRDA:116,119,3,0
BRDA:116,120,0,0
BRDA:116,120,1,0
BRDA:116,121,0,0
BRDA:116,121,1,0
BRDA:116,122,0,0
BRDA:116,122,1,0
BRDA:116,123,0,0
BRDA:116,123,1,0
BRDA:116,124,0,0
BRDA:116,124,1,0
BRDA:116,125,0,0
BRDA:116,125,1,0
BRDA:116,126,0,0
BRDA:116,126,1,0
BRDA:116,127,0,0
BRDA:116,127,1,0
BRDA:116,128,0,0
BRDA:116,128,1,0
BRDA:116,128,2,0
BRDA:116,129,0,0
BRDA:116,129,1,0
BRDA:116,130,0,0
BRDA:116,130,1,0
BRDA:116,131,0,0
BRDA:116,131,1,0
BRDA:116,132,0,0
BRDA:116,132,1,0
BRDA:116,132,2,0
BRDA:116,133,0,0
BRDA:116,133,1,0
BRDA:116,134,0,0
BRDA:116,134,1,0
BRDA:116,135,0,0
BRDA:116,135,1,0
BRDA:116,136,0,0
BRDA:116,136,1,0
BRDA:116,137,0,0
BRDA:116,137,1,0
BRDA:116,138,0,0
BRDA:116,138,1,0
BRDA:116,139,0,0
BRDA:116,139,1,0
BRDA:116,140,0,0
BRDA:116,140,1,0
BRDA:116,140,2,0
BRDA:116,141,0,0
BRDA:116,141,1,0
BRDA:116,142,0,0
BRDA:116,142,1,0
BRDA:116,143,0,0
BRDA:116,143,1,0
BRDA:116,144,0,0
BRDA:116,144,1,0
BRDA:116,145,0,0
BRDA:116,145,1,0
BRDA:116,146,0,0
BRDA:116,146,1,0
BRDA:116,146,2,0
BRDA:116,147,0,0
BRDA:116,147,1,0
BRDA:116,148,0,0
BRDA:116,148,1,0
BRDA:116,148,2,0
BRDA:116,149,0,0
BRDA:116,149,1,0
BRDA:116,150,0,0
BRDA:116,150,1,0
BRDA:116,151,0,0
BRDA:116,151,1,0
BRDA:116,152,0,0
BRDA:116,152,1,0
BRDA:116,153,0,0
BRDA:116,153,1,0
BRDA:116,153,2,0
BRDA:116,153,3,0
BRDA:116,154,0,0
BRDA:116,154,1,0
BRDA:116,154,2,0
BRDA:116,154,3,0
BRDA:116,155,0,0
BRDA:116,155,1,0
BRDA:116,156,0,0
BRDA:116,156,1,0
BRDA:116,156,2,0
BRDA:116,156,3,0
BRDA:116,157,0,0
BRDA:116,157,1,0
BRDA:116,158,0,0
BRDA:116,158,1,0
BRDA:116,159,0,0
BRDA:116,159,1,0
BRDA:116,160,0,0
BRDA:116,160,1,0
BRDA:116,161,0,0
BRDA:116,161,1,0
BRDA:116,162,0,0
BRDA:116,162,1,0
BRDA:116,162,2,0
BRDA:116,163,0,0
BRDA:116,163,1,0
BRDA:116,163,2,0
BRDA:116,164,0,0
BRDA:116,164,1,0
BRDA:116,165,0,0
BRDA:116,165,1,0
BRDA:116,166,0,0
BRDA:116,166,1,0
BRDA:116,167,0,0
BRDA:116,167,1,0
BRDA:116,167,2,0
BRDA:116,167,3,0
BRDA:116,168,0,0
BRDA:116,168,1,0
BRDA:116,169,0,0
BRDA:116,169,1,0
BRDA:116,170,0,0
BRDA:116,170,1,0
BRDA:116,171,0,0
BRDA:116,171,1,0
BRDA:116,172,0,0
BRDA:116,172,1,0
BRDA:116,173,0,0
BRDA:116,173,1,0
BRDA:116,174,0,0
BRDA:116,174,1,0
BRDA:116,175,0,0
BRDA:116,175,1,0
BRDA:116,176,0,0
BRDA:116,176,1,0
BRDA:116,177,0,0
BRDA:116,177,1,0
BRDA:116,177,2,0
BRDA:116,178,0,0
BRDA:116,178,1,0
BRDA:116,179,0,0
BRDA:116,179,1,0
BRDA:116,180,0,0
BRDA:116,180,1,0
BRDA:116,181,0,0
BRDA:116,181,1,0
BRDA:116,182,0,0
BRDA:116,182,1,0
BRDA:116,183,0,0
BRDA:116,183,1,0
BRDA:116,184,0,0
BRDA:116,184,1,0
BRDA:116,185,0,0
BRDA:116,185,1,0
BRDA:116,185,2,0
BRDA:116,186,0,0
BRDA:116,186,1,0
BRDA:116,186,2,0
BRDA:116,186,3,0
BRDA:116,187,0,0
BRDA:116,187,1,0
BRDA:116,188,0,0
BRDA:116,188,1,0
BRDA:116,188,2,0
BRDA:116,188,3,0
BRDA:116,189,0,0
BRDA:116,189,1,0
BRDA:116,189,2,0
BRDA:116,189,3,0
BRDA:116,190,0,0
BRDA:116,190,1,0
BRDA:116,191,0,0
BRDA:116,191,1,0
BRDA:116,192,0,0
BRDA:116,192,1,0
BRDA:116,192,2,0
BRDA:116,192,3,0
BRDA:116,193,0,0
BRDA:116,193,1,0
BRDA:116,194,0,0
BRDA:116,194,1,0
BRDA:116,195,0,0
BRDA:116,195,1,0
BRDA:116,196,0,0
BRDA:116,196,1,0
BRDA:116,197,0,0
BRDA:116,197,1,0
BRDA:116,198,0,0
BRDA:116,198,1,0
BRDA:116,199,0,0
BRDA:116,199,1,0
BRDA:116,200,0,0
BRDA:116,200,1,0
BRDA:116,201,0,0
BRDA:116,201,1,0
BRDA:116,202,0,0
BRDA:116,202,1,0
BRDA:116,203,0,0
BRDA:116,203,1,0
BRDA:116,204,0,0
BRDA:116,204,1,0
BRDA:116,205,0,0
BRDA:116,205,1,0
BRDA:116,206,0,0
BRDA:116,206,1,0
BRDA:116,207,0,0
BRDA:116,207,1,0
BRDA:116,208,0,0
BRDA:116,208,1,0
BRDA:116,209,0,0
BRDA:116,209,1,0
BRDA:116,210,0,0
BRDA:116,210,1,0
BRDA:116,211,0,0
BRDA:116,211,1,0
BRDA:116,212,0,0
BRDA:116,212,1,0
BRDA:116,213,0,0
BRDA:116,213,1,0
BRDA:116,214,0,0
BRDA:116,214,1,0
BRDA:116,215,0,0
BRDA:116,215,1,0
BRDA:116,216,0,0
BRDA:116,216,1,0
BRDA:116,217,0,0
BRDA:116,217,1,0
BRDA:116,218,0,0
BRDA:116,218,1,0
BRDA:116,218,2,0
BRDA:116,218,3,0
BRDA:116,219,0,0
BRDA:116,219,1,0
BRDA:116,220,0,0
BRDA:116,220,1,0
BRDA:116,221,0,0
BRDA:116,221,1,0
BRDA:116,222,0,0
BRDA:116,222,1,0
BRDA:116,223,0,0
BRDA:116,223,1,0
BRDA:116,224,0,0
BRDA:116,224,1,0
BRDA:116,225,0,0
BRDA:116,225,1,0
BRDA:116,226,0,0
BRDA:116,226,1,0
BRDA:116,227,0,0
BRDA:116,227,1,0
BRDA:116,228,0,0
BRDA:116,228,1,0
BRDA:116,229,0,0
BRDA:116,229,1,0
BRDA:116,230,0,0
BRDA:116,230,1,0
BRDA:116,231,0,0
BRDA:116,231,1,0
BRDA:116,231,2,0
BRDA:116,231,3,0
BRDA:116,232,0,0
BRDA:116,232,1,0
BRDA:116,232,2,0
BRDA:116,232,3,0
BRDA:116,233,0,0
BRDA:116,233,1,0
BRDA:116,233,2,0
BRDA:116,234,0,0
BRDA:116,234,1,0
BRDA:116,235,0,0
BRDA:116,235,1,0
BRDA:116,235,2,0
BRDA:116,235,3,0
BRDA:116,236,0,0
BRDA:116,236,1,0
BRDA:116,237,0,0
BRDA:116,237,1,0
BRDA:116,237,2,0
BRDA:116,238,0,0
BRDA:116,238,1,0
BRDA:116,239,0,0
BRDA:116,239,1,0
BRDA:116,239,2,0
BRDA:116,240,0,0
BRDA:116,240,1,0
BRDA:116,240,2,0
BRDA:116,241,0,0
BRDA:116,241,1,0
BRDA:116,242,0,0
BRDA:116,242,1,0
BRDA:116,243,0,0
BRDA:116,243,1,0
BRDA:116,244,0,0
BRDA:116,244,1,0
BRDA:116,245,0,0
BRDA:116,245,1,0
BRDA:116,246,0,0
BRDA:116,246,1,0
BRDA:116,246,2,0
BRDA:116,246,3,0
BRDA:116,247,0,0
BRDA:116,247,1,0
BRDA:116,248,0,0
BRDA:116,248,1,0
BRDA:116,249,0,0
BRDA:116,249,1,0
BRDA:116,250,0,0
BRDA:116,250,1,0
BRDA:116,251,0,0
BRDA:116,251,1,0
BRDA:116,252,0,0
BRDA:116,252,1,0
BRDA:116,253,0,0
BRDA:116,253,1,0
BRDA:116,254,0,0
BRDA:116,254,1,0
BRDA:116,255,0,0
BRDA:116,255,1,0
BRDA:116,256,0,0
BRDA:116,256,1,0
BRDA:116,257,0,0
BRDA:116,257,1,0
BRDA:116,258,0,0
BRDA:116,258,1,0
BRDA:116,259,0,0
BRDA:116,259,1,0
BRDA:116,260,0,0
BRDA:116,260,1,0
BRDA:116,261,0,0
BRDA:116,261,1,0
BRDA:116,262,0,0
BRDA:116,262,1,0
BRDA:116,263,0,0
BRDA:116,263,1,0
BRDA:116,264,0,0
BRDA:116,264,1,0
BRDA:116,265,0,0
BRDA:116,265,1,0
BRDA:116,265,2,0
BRDA:116,266,0,0
BRDA:116,266,1,0
BRDA:116,266,2,0
BRDA:116,266,3,0
BRDA:116,267,0,0
BRDA:116,267,1,0
BRDA:116,267,2,0
BRDA:116,268,0,0
BRDA:116,268,1,0
BRDA:116,268,2,0
BRDA:116,269,0,0
BRDA:116,269,1,0
BRDA:116,270,0,0
BRDA:116,270,1,0
BRDA:116,271,0,0
BRDA:116,271,1,0
BRDA:116,272,0,0
BRDA:116,272,1,0
BRDA:116,273,0,0
BRDA:116,273,1,0
BRDA:116,274,0,0
BRDA:116,274,1,0
BRDA:116,275,0,0
BRDA:116,275,1,0
BRDA:116,276,0,0
BRDA:116,276,1,0
BRDA:116,277,0,0
BRDA:116,277,1,0
BRDA:116,277,2,0
BRDA:116,278,0,0
BRDA:116,278,1,0
BRDA:116,279,0,0
BRDA:116,279,1,0
BRDA:116,280,0,0
BRDA:116,280,1,0
BRDA:116,281,0,0
BRDA:116,281,1,0
BRDA:116,282,0,0
BRDA:116,282,1,0
BRDA:116,283,0,0
BRDA:116,283,1,0
BRDA:116,284,0,0
BRDA:116,284,1,0
BRDA:116,285,0,0
BRDA:116,285,1,0
BRDA:116,286,0,0
BRDA:116,286,1,0
BRDA:116,287,0,0
BRDA:116,287,1,0
BRDA:116,288,0,0
BRDA:116,288,1,0
BRDA:116,289,0,0
BRDA:116,289,1,0
BRDA:116,289,2,0
BRDA:116,290,0,0
BRDA:116,290,1,0
BRDA:116,291,0,0
BRDA:116,291,1,0
BRDA:116,292,0,0
BRDA:116,292,1,0
BRDA:116,293,0,0
BRDA:116,293,1,0
BRDA:116,294,0,0
BRDA:116,294,1,0
BRDA:116,295,0,0
BRDA:116,295,1,0
BRDA:116,296,0,0
BRDA:116,296,1,0
BRDA:116,297,0,0
BRDA:116,297,1,0
BRDA:116,298,0,0
BRDA:116,298,1,0
BRDA:116,299,0,0
BRDA:116,299,1,0
BRDA:116,299,2,0
BRDA:116,299,3,0
BRDA:116,299,4,0
BRDA:116,300,0,0
BRDA:116,300,1,0
BRDA:116,300,2,0
BRDA:116,301,0,0
BRDA:116,301,1,0
BRDA:116,301,2,0
BRDA:116,302,0,0
BRDA:116,302,1,0
BRDA:116,303,0,0
BRDA:116,303,1,0
BRDA:116,304,0,0
BRDA:116,304,1,0
BRDA:116,305,0,0
BRDA:116,305,1,0
BRDA:116,306,0,0
BRDA:116,306,1,0
BRDA:116,307,0,0
BRDA:116,307,1,0
BRDA:116,308,0,0
BRDA:116,308,1,0
BRDA:116,308,2,0
BRDA:116,309,0,0
BRDA:116,309,1,0
BRDA:116,309,2,0
BRDA:116,310,0,0
BRDA:116,310,1,0
BRDA:116,311,0,0
BRDA:116,311,1,0
BRDA:116,311,2,0
BRDA:116,312,0,0
BRDA:116,312,1,0
BRDA:116,313,0,0
BRDA:116,313,1,0
BRDA:116,314,0,0
BRDA:116,314,1,0
BRDA:116,315,0,0
BRDA:116,315,1,0
BRDA:116,316,0,0
BRDA:116,316,1,0
BRDA:116,317,0,0
BRDA:116,317,1,0
BRDA:116,318,0,0
BRDA:116,318,1,0
BRF:709
BRH:0
end_of_record
TN:
SF:/Users/john/more-yellowdev/fsj/ym-apps/upicsProject/upics/src/client/app/components/filters/filters.js
FN:7,(anonymous_1)
FN:8,(anonymous_2)
FN:18,(anonymous_3)
FN:20,(anonymous_4)
FN:31,(anonymous_5)
FNF:5
FNH:0
FNDA:0,(anonymous_1)
FNDA:0,(anonymous_2)
FNDA:0,(anonymous_3)
FNDA:0,(anonymous_4)
FNDA:0,(anonymous_5)
DA:6,1
DA:8,0
DA:10,0
DA:12,0
DA:14,0
DA:20,0
DA:25,0
DA:27,0
DA:29,0
DA:30,0
DA:31,0
DA:33,0
DA:37,0
LF:13
LH:1
BRDA:10,1,0,0
BRDA:10,1,1,0
BRDA:25,2,0,0
BRDA:25,2,1,0
BRF:4
BRH:0
end_of_record
TN:
SF:/Users/john/more-yellowdev/fsj/ym-apps/upicsProject/upics/src/client/app/core/scroll-top.js
FN:1,(anonymous_1)
FN:11,(anonymous_2)
FN:20,(anonymous_3)
FNF:3
FNH:1
FNDA:1,(anonymous_1)
FNDA:0,(anonymous_2)
FNDA:0,(anonymous_3)
DA:1,1
DA:5,1
DA:20,0
DA:21,0
LF:4
LH:2
BRF:0
BRH:0
end_of_record
TN:
SF:/Users/john/more-yellowdev/fsj/ym-apps/upicsProject/upics/src/client/app/gallery-snapshot/gallery-snapshot.controller.js
FN:1,(anonymous_1)
FN:6,GallerySnapshotController
FN:9,(anonymous_3)
FNF:3
FNH:1
FNDA:1,(anonymous_1)
FNDA:0,GallerySnapshotController
FNDA:0,(anonymous_3)
DA:1,1
DA:2,1
DA:6,1
DA:7,0
DA:9,0
DA:10,0
DA:11,0
DA:12,0
DA:13,0
DA:14,0
LF:10
LH:3
BRF:0
BRH:0
end_of_record
TN:
SF:/Users/john/more-yellowdev/fsj/ym-apps/upicsProject/upics/src/client/app/gallery/asyn-architecting-cbsvspromitse.js
FNF:0
FNH:0
LF:0
LH:0
BRF:0
BRH:0
end_of_record
TN:
SF:/Users/john/more-yellowdev/fsj/ym-apps/upicsProject/upics/src/client/app/gallery/gallery.controller.js
FN:8,GalleryController
FN:22,activate
FN:24,(anonymous_3)
FN:36,(anonymous_4)
FN:47,(anonymous_5)
FN:58,(anonymous_6)
FN:67,(anonymous_7)
FN:77,(anonymous_8)
FN:95,(anonymous_9)
FN:104,(anonymous_10)
FN:114,(anonymous_11)
FN:123,(anonymous_12)
FN:132,(anonymous_13)
FNF:13
FNH:0
FNDA:0,GalleryController
FNDA:0,activate
FNDA:0,(anonymous_3)
FNDA:0,(anonymous_4)
FNDA:0,(anonymous_5)
FNDA:0,(anonymous_6)
FNDA:0,(anonymous_7)
FNDA:0,(anonymous_8)
FNDA:0,(anonymous_9)
FNDA:0,(anonymous_10)
FNDA:0,(anonymous_11)
FNDA:0,(anonymous_12)
FNDA:0,(anonymous_13)
DA:5,1
DA:8,1
DA:9,0
DA:20,0
DA:22,1
DA:23,0
DA:24,0
DA:25,0
DA:33,0
DA:34,0
DA:35,0
DA:37,0
DA:38,0
DA:44,0
DA:45,0
DA:46,0
DA:48,0
DA:49,0
DA:55,0
DA:56,0
DA:57,0
DA:59,0
DA:60,0
DA:64,0
DA:65,0
DA:66,0
DA:68,0
DA:69,0
DA:74,0
DA:77,0
DA:89,0
DA:91,0
DA:92,0
DA:93,0
DA:94,0
DA:96,0
DA:98,0
DA:100,0
DA:101,0
DA:102,0
DA:103,0
DA:105,0
DA:107,0
DA:109,0
DA:110,0
DA:111,0
DA:112,0
DA:113,0
DA:115,0
DA:117,0
DA:119,0
DA:120,0
DA:121,0
DA:122,0
DA:124,0
DA:126,0
DA:128,0
DA:129,0
DA:130,0
DA:131,0
DA:133,0
LF:61
LH:3
BRDA:33,1,0,0
BRDA:33,1,1,0
BRDA:44,2,0,0
BRDA:44,2,1,0
BRDA:55,3,0,0
BRDA:55,3,1,0
BRDA:64,4,0,0
BRDA:64,4,1,0
BRDA:89,5,0,0
BRDA:89,5,1,0
BRDA:89,5,2,0
BRDA:89,5,3,0
BRDA:89,5,4,0
BRF:13
BRH:0
end_of_record
TN:
SF:/Users/john/more-yellowdev/fsj/ym-apps/upicsProject/upics/src/client/app/gallery/gallery.route.js
FN:1,(anonymous_1)
FN:8,stateConfig
FNF:2
FNH:1
FNDA:1,(anonymous_1)
FNDA:0,stateConfig
DA:1,1
DA:4,1
DA:8,1
DA:9,0
LF:4
LH:3
BRF:0
BRH:0
end_of_record
TN:
SF:/Users/john/more-yellowdev/fsj/ym-apps/upicsProject/upics/src/client/app/layout/ganalytics.layout.js
FN:1,(anonymous_1)
FNF:1
FNH:1
FNDA:1,(anonymous_1)
DA:1,1
DA:4,1
LF:2
LH:2
BRF:0
BRH:0
end_of_record
TN:
SF:/Users/john/more-yellowdev/fsj/ym-apps/upicsProject/upics/src/client/app/layout/shell/shell-directive.js
FN:1,(anonymous_1)
FN:8,directive
FNF:2
FNH:1
FNDA:1,(anonymous_1)
FNDA:0,directive
DA:1,1
DA:4,1
DA:8,1
DA:9,0
DA:14,0
LF:5
LH:3
BRF:0
BRH:0
end_of_record
TN:
SF:/Users/john/more-yellowdev/fsj/ym-apps/upicsProject/upics/src/client/app/layout/topnav/topnav-directive.js
FN:1,(anonymous_1)
FN:8,directive
FNF:2
FNH:1
FNDA:1,(anonymous_1)
FNDA:0,directive
DA:1,1
DA:4,1
DA:8,1
DA:9,0
LF:4
LH:3
BRF:0
BRH:0
end_of_record
TN:
SF:/Users/john/more-yellowdev/fsj/ym-apps/upicsProject/upics/src/client/app/layout/topnav/topnav.js
FNF:0
FNH:0
LF:0
LH:0
BRF:0
BRH:0
end_of_record
TN:
SF:/Users/john/more-yellowdev/fsj/ym-apps/upicsProject/upics/src/client/app/pics-detail/pics-detail.controller.js
FN:5,(anonymous_1)
FN:6,(anonymous_2)
FN:12,(anonymous_3)
FNF:3
FNH:0
FNDA:0,(anonymous_1)
FNDA:0,(anonymous_2)
FNDA:0,(anonymous_3)
DA:4,1
DA:6,0
DA:7,0
DA:8,0
DA:12,0
DA:13,0
DA:14,0
DA:15,0
DA:16,0
DA:17,0
LF:10
LH:1
BRF:0
BRH:0
end_of_record
TN:
SF:/Users/john/more-yellowdev/fsj/ym-apps/upicsProject/upics/src/client/app/pics-detail/pics-detail.route.js
FN:1,(anonymous_1)
FN:8,stateConfig
FNF:2
FNH:1
FNDA:1,(anonymous_1)
FNDA:0,stateConfig
DA:1,1
DA:4,1
DA:8,1
DA:9,0
LF:4
LH:3
BRF:0
BRH:0
end_of_record
TN:
SF:/Users/john/more-yellowdev/fsj/ym-apps/upicsProject/upics/src/client/app/services/photographers.service.js
FN:1,(anonymous_1)
FN:8,photographersService
FN:12,(anonymous_3)
FNF:3
FNH:1
FNDA:1,(anonymous_1)
FNDA:0,photographersService
FNDA:0,(anonymous_3)
DA:1,1
DA:4,1
DA:8,1
DA:9,0
DA:13,0
LF:5
LH:3
BRF:0
BRH:0
end_of_record
TN:
SF:/Users/john/more-yellowdev/fsj/ym-apps/upicsProject/upics/src/client/app/services/picsservice/pics-simple.service.js
FN:1,(anonymous_1)
FN:8,picsSimple
FN:15,testf
FN:18,getAll
FN:22,getSilicon
FN:29,(anonymous_6)
FN:33,(anonymous_7)
FN:41,getCheeky
FN:48,(anonymous_9)
FN:52,(anonymous_10)
FN:69,httpPromise
FN:72,(anonymous_12)
FN:75,(anonymous_13)
FNF:13
FNH:1
FNDA:1,(anonymous_1)
FNDA:0,picsSimple
FNDA:0,testf
FNDA:0,getAll
FNDA:0,getSilicon
FNDA:0,(anonymous_6)
FNDA:0,(anonymous_7)
FNDA:0,getCheeky
FNDA:0,(anonymous_9)
FNDA:0,(anonymous_10)
FNDA:0,httpPromise
FNDA:0,(anonymous_12)
FNDA:0,(anonymous_13)
DA:1,1
DA:4,1
DA:8,1
DA:9,0
DA:15,1
DA:16,0
DA:18,1
DA:19,0
DA:22,1
DA:26,0
DA:27,0
DA:28,0
DA:30,0
DA:31,0
DA:33,0
DA:34,0
DA:37,0
DA:39,0
DA:41,1
DA:45,0
DA:46,0
DA:47,0
DA:49,0
DA:50,0
DA:52,0
DA:53,0
DA:56,0
DA:58,0
DA:69,1
DA:70,0
DA:71,0
DA:73,0
DA:76,0
DA:78,0
LF:34
LH:8
BRF:0
BRH:0
end_of_record
TN:
SF:/Users/john/more-yellowdev/fsj/ym-apps/upicsProject/upics/src/client/app/services/picsservice/pics.service.js
FN:6,(anonymous_1)
FNF:1
FNH:0
FNDA:0,(anonymous_1)
DA:5,1
DA:7,0
LF:2
LH:1
BRF:0
BRH:0
end_of_record
TN:
SF:/Users/john/more-yellowdev/fsj/ym-apps/upicsProject/upics/src/client/app/site-content/site-content.routes.js
FN:1,(anonymous_1)
FN:12,stateConfig
FNF:2
FNH:2
FNDA:1,(anonymous_1)
FNDA:18,stateConfig
DA:1,1
DA:4,1
DA:12,1
DA:17,18
LF:4
LH:4
BRF:0
BRH:0
end_of_record
